[     181ms] [INFO] Connecting to 'https://dash.cloudflare.com/cdn-cgi/zaraz/t' violates the following Content Security Policy directive: "connect-src 'none'". The policy is report-only, so the violation has been logged but no further action has been taken. @ https://dash.cloudflare.com/cf-235372d565a61327.js:2
[     181ms] [INFO] Connecting to 'https://dash.cloudflare.com/cdn-cgi/zaraz/t' violates the following Content Security Policy directive: "connect-src 'none'". The policy is report-only, so the violation has been logged but no further action has been taken. @ https://dash.cloudflare.com/cf-235372d565a61327.js:2
[     181ms] [INFO] Connecting to 'https://sparrow.cloudflare.com/api/v1/event' violates the following Content Security Policy directive: "connect-src 'none'". The policy is report-only, so the violation has been logged but no further action has been taken. @ https://dash.cloudflare.com/cf-235372d565a61327.js:2
[     181ms] [INFO] Connecting to 'https://sparrow.cloudflare.com/api/v1/event' violates the following Content Security Policy directive: "connect-src 'none'". The policy is report-only, so the violation has been logged but no further action has been taken. @ https://dash.cloudflare.com/cf-235372d565a61327.js:2
[     181ms] [INFO] Connecting to 'https://dash.cloudflare.com/cdn-cgi/zaraz/t' violates the following Content Security Policy directive: "connect-src 'none'". The policy is report-only, so the violation has been logged but no further action has been taken. @ https://dash.cloudflare.com/cf-235372d565a61327.js:2
[     182ms] [INFO] Connecting to 'https://dash.cloudflare.com/cdn-cgi/zaraz/t' violates the following Content Security Policy directive: "connect-src 'none'". The policy is report-only, so the violation has been logged but no further action has been taken. @ https://dash.cloudflare.com/cf-235372d565a61327.js:2
[     182ms] [INFO] Connecting to 'https://sparrow.cloudflare.com/api/v1/event' violates the following Content Security Policy directive: "connect-src 'none'". The policy is report-only, so the violation has been logged but no further action has been taken. @ https://dash.cloudflare.com/cf-235372d565a61327.js:2
[     182ms] [INFO] Connecting to 'https://sparrow.cloudflare.com/api/v1/event' violates the following Content Security Policy directive: "connect-src 'none'". The policy is report-only, so the violation has been logged but no further action has been taken. @ https://dash.cloudflare.com/cf-235372d565a61327.js:2
[     182ms] [INFO] Connecting to 'https://cloudflareinsights.com/cdn-cgi/rum' violates the following Content Security Policy directive: "connect-src 'none'". The policy is report-only, so the violation has been logged but no further action has been taken. @ https://static.cloudflareinsights.com/beacon.min.js:0
[     183ms] [INFO] Connecting to 'https://cloudflareinsights.com/cdn-cgi/rum' violates the following Content Security Policy directive: "connect-src 'none'". The policy is report-only, so the violation has been logged but no further action has been taken. @ https://static.cloudflareinsights.com/beacon.min.js:0
[     183ms] [INFO] Connecting to 'https://platform.dash.cloudflare.com/sentry/envelope' violates the following Content Security Policy directive: "connect-src 'none'". The policy is report-only, so the violation has been logged but no further action has been taken. @ https://dash.cloudflare.com/cf-235372d565a61327.js:2
[     183ms] [INFO] Connecting to 'https://platform.dash.cloudflare.com/sentry/envelope' violates the following Content Security Policy directive: "connect-src 'none'". The policy is report-only, so the violation has been logged but no further action has been taken. @ https://dash.cloudflare.com/cf-235372d565a61327.js:2
[     183ms] [INFO] Connecting to 'https://dash.cloudflare.com/cdn-cgi/zaraz/t' violates the following Content Security Policy directive: "connect-src 'none'". The policy is report-only, so the violation has been logged but no further action has been taken. @ https://dash.cloudflare.com/cf-235372d565a61327.js:2
[     183ms] [INFO] Connecting to 'https://dash.cloudflare.com/cdn-cgi/zaraz/t' violates the following Content Security Policy directive: "connect-src 'none'". The policy is report-only, so the violation has been logged but no further action has been taken. @ https://dash.cloudflare.com/cf-235372d565a61327.js:2
[     185ms] [LOG] TypeError: Failed to fetch
    at https://dash.cloudflare.com/cf-235372d565a61327.js:3:845386
    at async r (https://dash.cloudflare.com/cf-e8bcfb59dcb7c59c.js:3:8704) @ https://dash.cloudflare.com/cf-283347cf5c5e217f.js:2
[     185ms] [INFO] Connecting to 'https://dash.cloudflare.com/cdn-cgi/zaraz/t' violates the following Content Security Policy directive: "connect-src 'none'". The policy is report-only, so the violation has been logged but no further action has been taken. @ https://dash.cloudflare.com/cf-235372d565a61327.js:2
[     185ms] [INFO] Connecting to 'https://dash.cloudflare.com/cdn-cgi/zaraz/t' violates the following Content Security Policy directive: "connect-src 'none'". The policy is report-only, so the violation has been logged but no further action has been taken. @ https://dash.cloudflare.com/cf-235372d565a61327.js:2
[     185ms] [INFO] Connecting to 'https://dash.cloudflare.com/cdn-cgi/zaraz/t' violates the following Content Security Policy directive: "connect-src 'none'". The policy is report-only, so the violation has been logged but no further action has been taken. @ https://dash.cloudflare.com/cf-235372d565a61327.js:2
[     185ms] [INFO] Connecting to 'https://dash.cloudflare.com/cdn-cgi/zaraz/t' violates the following Content Security Policy directive: "connect-src 'none'". The policy is report-only, so the violation has been logged but no further action has been taken. @ https://dash.cloudflare.com/cf-235372d565a61327.js:2
[     185ms] [INFO] Connecting to 'https://dash.cloudflare.com/cdn-cgi/zaraz/t' violates the following Content Security Policy directive: "connect-src 'none'". The policy is report-only, so the violation has been logged but no further action has been taken. @ https://dash.cloudflare.com/cf-235372d565a61327.js:2
[     185ms] [INFO] Connecting to 'https://dash.cloudflare.com/cdn-cgi/zaraz/t' violates the following Content Security Policy directive: "connect-src 'none'". The policy is report-only, so the violation has been logged but no further action has been taken. @ https://dash.cloudflare.com/cf-235372d565a61327.js:2
[    1508ms] [ERROR] Failed to load resource: the server responded with a status of 403 () @ https://dash.cloudflare.com/api/v4/accounts/b82ac7968a160d3fdd5bf00c4ff3e3e2/access/organizations:0
[    1768ms] [ERROR] Failed to load resource: the server responded with a status of 403 () @ https://dash.cloudflare.com/api/v4/accounts/b82ac7968a160d3fdd5bf00c4ff3e3e2/access/organizations:0
[    2079ms] [LOG] WebSocket connected to: ws.support-chat.cloudflare.dev @ https://dash.cloudflare.com/cf-283347cf5c5e217f.js:2
[    2498ms] [ERROR] Failed to load resource: the server responded with a status of 404 () @ https://dash.cloudflare.com/api/v4/zones/f03dee82cdac8f03d240b2fa6362b93d/subscription:0
