[    1265ms] [LOG] %c ‚ĖĄ‚ĖĄ‚ĖĄ       ‚ĖĄ‚Ėą‚Ėą‚Ėą‚Ėą‚ĖĄ   ‚ĖĄ‚ĖĄ‚ĖĄ       ‚ĖĄ‚ĖĄ‚ĖĄ‚ĖĄ   
‚Ėí‚Ėą‚Ėą‚Ėą‚Ėą‚ĖĄ    ‚Ėí‚Ėą‚Ėą‚ĖÄ ‚ĖÄ‚Ėą  ‚Ėí‚Ėą‚Ėą‚Ėą‚Ėą‚ĖĄ    ‚Ėď‚Ėą‚Ėą‚Ėą‚Ėą‚Ėą‚ĖĄ 
‚Ėí‚Ėą‚Ėą  ‚ĖÄ‚Ėą‚ĖĄ  ‚Ėí‚Ėď‚Ėą    ‚ĖĄ ‚Ėí‚Ėą‚Ėą  ‚ĖÄ‚Ėą‚ĖĄ  ‚Ėí‚Ėą‚Ėą‚Ėí ‚ĖĄ‚Ėą‚Ėą
‚ĖĎ‚Ėą‚Ėą‚ĖĄ‚ĖĄ‚ĖĄ‚ĖĄ‚Ėą‚Ėą ‚Ėí‚Ėď‚Ėď‚ĖĄ ‚ĖĄ‚Ėą‚Ėą‚Ėí‚ĖĎ‚Ėą‚Ėą‚ĖĄ‚ĖĄ‚ĖĄ‚ĖĄ‚Ėą‚Ėą ‚Ėí‚Ėą‚Ėą‚ĖĎ‚Ėą‚ĖÄ  
 ‚Ėď‚Ėą   ‚Ėď‚Ėą‚Ėą‚Ėí‚Ėí ‚Ėď‚Ėą‚Ėą‚Ėą‚ĖÄ ‚ĖĎ ‚Ėď‚Ėą   ‚Ėď‚Ėą‚Ėą‚Ėí‚ĖĎ‚Ėď‚Ėą  ‚ĖÄ‚Ėą‚Ėď
 ‚Ėí‚Ėí   ‚Ėď‚Ėí‚Ėą‚ĖĎ‚ĖĎ ‚ĖĎ‚Ėí ‚Ėí  ‚ĖĎ ‚Ėí‚Ėí   ‚Ėď‚Ėí‚Ėą‚ĖĎ‚ĖĎ‚Ėí‚Ėď‚Ėą‚Ėą‚Ėą‚ĖÄ‚Ėí
  ‚Ėí   ‚Ėí‚Ėí ‚ĖĎ  ‚ĖĎ  ‚Ėí     ‚Ėí   ‚Ėí‚Ėí ‚ĖĎ‚Ėí‚ĖĎ‚Ėí   ‚ĖĎ 
  ‚ĖĎ   ‚Ėí   ‚ĖĎ          ‚ĖĎ   ‚Ėí    ‚ĖĎ    ‚ĖĎ 
      ‚ĖĎ  ‚ĖĎ‚ĖĎ ‚ĖĎ            ‚ĖĎ  ‚ĖĎ ‚ĖĎ      
          ‚ĖĎ                        ‚ĖĎ  color: #666 @ https://henry.codes/js/index.js:11333
[    1265ms] [LOG] Ah yes, hello, my inquisitive friend. I view us as furtive compadres, allies in some yet-to-be-named quest. Thank you for joining me here in the console. Of course you know they musn‚Äôt find us. Keep thy voice low and thine eyes on a swivel. @ https://henry.codes/js/index.js:11334
[    1389ms] ReferenceError: createShader is not defined
    at https://henry.codes/js/FooterShader-AfPgh1zf.js:2497:35
[    2252ms] [ERROR] Failed to load resource: the server responded with a status of 502 () @ https://henry.codes/.netlify/functions/spotify:0
[    4422ms] SyntaxError: Invalid regular expression: /^*$/: Nothing to repeat
    at new RegExp (<anonymous>)
    at RouteStore.add (https://henry.codes/js/index.js:983:37)
    at Core.addRoute (https://henry.codes/js/index.js:1138:15)
    at https://henry.codes/js/index.js:11573:8
[    7422ms] [WARNING] The resource https://henry.codes/img/gargoyle-with-texture-400w.avif was preloaded using link preload but not used within a few seconds from the window's load event. Please make sure it has an appropriate `as` value and it is preloaded intentionally. @ https://henry.codes/:0
[    7422ms] [WARNING] The resource https://henry.codes/fonts/PPNeueMontreal-Book.woff2 was preloaded using link preload but not used within a few seconds from the window's load event. Please make sure it has an appropriate `as` value and it is preloaded intentionally. @ https://henry.codes/:0
