[     418ms] [INFO] Executing inline script violates the following Content Security Policy directive 'script-src 'self' https://*.posthog.com https://www.youtube.com https://fast.wistia.com https://import-cdn.default.com'. Either the 'unsafe-inline' keyword, a hash ('sha256-v1oYH69RcooFs6F5XhMTzHiWlftYwnuQHDxIz0suNeo='), or a nonce ('nonce-...') is required to enable inline execution. The policy is report-only, so the violation has been logged but no further action has been taken. @ https://posthog.com/:4
[     500ms] [INFO] Executing inline script violates the following Content Security Policy directive 'script-src 'self' https://*.posthog.com https://www.youtube.com https://fast.wistia.com https://import-cdn.default.com'. Either the 'unsafe-inline' keyword, a hash ('sha256-t91wJGOUx2HUnHNLVjH53QlIXSHK340k+WjH5Gsb6+Y='), or a nonce ('nonce-...') is required to enable inline execution. The policy is report-only, so the violation has been logged but no further action has been taken. @ https://posthog.com/:206
[     500ms] [INFO] Executing inline script violates the following Content Security Policy directive 'script-src 'self' https://*.posthog.com https://www.youtube.com https://fast.wistia.com https://import-cdn.default.com'. Either the 'unsafe-inline' keyword, a hash ('sha256-D15ktsCXWvGtWiNwsdlgZgO3U/VeDIH21U070USgGKc='), or a nonce ('nonce-...') is required to enable inline execution. The policy is report-only, so the violation has been logged but no further action has been taken. @ https://posthog.com/:206
[    1166ms] Error: Minified React error #418; visit https://reactjs.org/docs/error-decoder.html?invariant=418 for the full message or use the non-minified dev environment for full errors and additional helpful warnings.
    at pa (https://posthog.com/app-5aed79924b298d61fc61.js:2:1742262)
    at Ks (https://posthog.com/app-5aed79924b298d61fc61.js:2:1777607)
    at xc (https://posthog.com/app-5aed79924b298d61fc61.js:2:1802467)
    at bc (https://posthog.com/app-5aed79924b298d61fc61.js:2:1802207)
    at yc (https://posthog.com/app-5aed79924b298d61fc61.js:2:1802074)
    at gc (https://posthog.com/app-5aed79924b298d61fc61.js:2:1801937)
    at oc (https://posthog.com/app-5aed79924b298d61fc61.js:2:1797100)
    at _ (https://posthog.com/app-5aed79924b298d61fc61.js:2:4348237)
    at MessagePort.E (https://posthog.com/app-5aed79924b298d61fc61.js:2:4348769)
[    1168ms] Error: Minified React error #418; visit https://reactjs.org/docs/error-decoder.html?invariant=418 for the full message or use the non-minified dev environment for full errors and additional helpful warnings.
    at ua (https://posthog.com/app-5aed79924b298d61fc61.js:2:1741802)
    at kl (https://posthog.com/app-5aed79924b298d61fc61.js:2:1814588)
    at bc (https://posthog.com/app-5aed79924b298d61fc61.js:2:1802146)
    at yc (https://posthog.com/app-5aed79924b298d61fc61.js:2:1802074)
    at gc (https://posthog.com/app-5aed79924b298d61fc61.js:2:1801937)
    at oc (https://posthog.com/app-5aed79924b298d61fc61.js:2:1797100)
    at _ (https://posthog.com/app-5aed79924b298d61fc61.js:2:4348237)
    at MessagePort.E (https://posthog.com/app-5aed79924b298d61fc61.js:2:4348769)
[    1170ms] Error: Minified React error #418; visit https://reactjs.org/docs/error-decoder.html?invariant=418 for the full message or use the non-minified dev environment for full errors and additional helpful warnings.
    at ua (https://posthog.com/app-5aed79924b298d61fc61.js:2:1741802)
    at kl (https://posthog.com/app-5aed79924b298d61fc61.js:2:1814588)
    at bc (https://posthog.com/app-5aed79924b298d61fc61.js:2:1802146)
    at yc (https://posthog.com/app-5aed79924b298d61fc61.js:2:1802074)
    at gc (https://posthog.com/app-5aed79924b298d61fc61.js:2:1801937)
    at oc (https://posthog.com/app-5aed79924b298d61fc61.js:2:1797100)
    at _ (https://posthog.com/app-5aed79924b298d61fc61.js:2:4348237)
    at MessagePort.E (https://posthog.com/app-5aed79924b298d61fc61.js:2:4348769)
[    1172ms] Error: Minified React error #418; visit https://reactjs.org/docs/error-decoder.html?invariant=418 for the full message or use the non-minified dev environment for full errors and additional helpful warnings.
    at ua (https://posthog.com/app-5aed79924b298d61fc61.js:2:1741802)
    at kl (https://posthog.com/app-5aed79924b298d61fc61.js:2:1814588)
    at bc (https://posthog.com/app-5aed79924b298d61fc61.js:2:1802146)
    at yc (https://posthog.com/app-5aed79924b298d61fc61.js:2:1802074)
    at gc (https://posthog.com/app-5aed79924b298d61fc61.js:2:1801937)
    at oc (https://posthog.com/app-5aed79924b298d61fc61.js:2:1797100)
    at _ (https://posthog.com/app-5aed79924b298d61fc61.js:2:4348237)
    at MessagePort.E (https://posthog.com/app-5aed79924b298d61fc61.js:2:4348769)
[    1174ms] Error: Minified React error #418; visit https://reactjs.org/docs/error-decoder.html?invariant=418 for the full message or use the non-minified dev environment for full errors and additional helpful warnings.
    at ua (https://posthog.com/app-5aed79924b298d61fc61.js:2:1741802)
    at kl (https://posthog.com/app-5aed79924b298d61fc61.js:2:1814588)
    at bc (https://posthog.com/app-5aed79924b298d61fc61.js:2:1802146)
    at yc (https://posthog.com/app-5aed79924b298d61fc61.js:2:1802074)
    at gc (https://posthog.com/app-5aed79924b298d61fc61.js:2:1801937)
    at oc (https://posthog.com/app-5aed79924b298d61fc61.js:2:1797100)
    at _ (https://posthog.com/app-5aed79924b298d61fc61.js:2:4348237)
    at MessagePort.E (https://posthog.com/app-5aed79924b298d61fc61.js:2:4348769)
[    1177ms] Error: Minified React error #418; visit https://reactjs.org/docs/error-decoder.html?invariant=418 for the full message or use the non-minified dev environment for full errors and additional helpful warnings.
    at ua (https://posthog.com/app-5aed79924b298d61fc61.js:2:1741802)
    at kl (https://posthog.com/app-5aed79924b298d61fc61.js:2:1814588)
    at bc (https://posthog.com/app-5aed79924b298d61fc61.js:2:1802146)
    at yc (https://posthog.com/app-5aed79924b298d61fc61.js:2:1802074)
    at gc (https://posthog.com/app-5aed79924b298d61fc61.js:2:1801937)
    at oc (https://posthog.com/app-5aed79924b298d61fc61.js:2:1797100)
    at _ (https://posthog.com/app-5aed79924b298d61fc61.js:2:4348237)
    at MessagePort.E (https://posthog.com/app-5aed79924b298d61fc61.js:2:4348769)
[    1179ms] Error: Minified React error #418; visit https://reactjs.org/docs/error-decoder.html?invariant=418 for the full message or use the non-minified dev environment for full errors and additional helpful warnings.
    at ua (https://posthog.com/app-5aed79924b298d61fc61.js:2:1741802)
    at kl (https://posthog.com/app-5aed79924b298d61fc61.js:2:1814588)
    at bc (https://posthog.com/app-5aed79924b298d61fc61.js:2:1802146)
    at yc (https://posthog.com/app-5aed79924b298d61fc61.js:2:1802074)
    at gc (https://posthog.com/app-5aed79924b298d61fc61.js:2:1801937)
    at oc (https://posthog.com/app-5aed79924b298d61fc61.js:2:1797100)
    at _ (https://posthog.com/app-5aed79924b298d61fc61.js:2:4348237)
    at MessagePort.E (https://posthog.com/app-5aed79924b298d61fc61.js:2:4348769)
[    1181ms] Error: Minified React error #418; visit https://reactjs.org/docs/error-decoder.html?invariant=418 for the full message or use the non-minified dev environment for full errors and additional helpful warnings.
    at ua (https://posthog.com/app-5aed79924b298d61fc61.js:2:1741802)
    at kl (https://posthog.com/app-5aed79924b298d61fc61.js:2:1814588)
    at bc (https://posthog.com/app-5aed79924b298d61fc61.js:2:1802146)
    at yc (https://posthog.com/app-5aed79924b298d61fc61.js:2:1802074)
    at gc (https://posthog.com/app-5aed79924b298d61fc61.js:2:1801937)
    at oc (https://posthog.com/app-5aed79924b298d61fc61.js:2:1797100)
    at _ (https://posthog.com/app-5aed79924b298d61fc61.js:2:4348237)
    at MessagePort.E (https://posthog.com/app-5aed79924b298d61fc61.js:2:4348769)
[    1183ms] Error: Minified React error #418; visit https://reactjs.org/docs/error-decoder.html?invariant=418 for the full message or use the non-minified dev environment for full errors and additional helpful warnings.
    at ua (https://posthog.com/app-5aed79924b298d61fc61.js:2:1741802)
    at kl (https://posthog.com/app-5aed79924b298d61fc61.js:2:1814588)
    at bc (https://posthog.com/app-5aed79924b298d61fc61.js:2:1802146)
    at yc (https://posthog.com/app-5aed79924b298d61fc61.js:2:1802074)
    at gc (https://posthog.com/app-5aed79924b298d61fc61.js:2:1801937)
    at oc (https://posthog.com/app-5aed79924b298d61fc61.js:2:1797100)
    at _ (https://posthog.com/app-5aed79924b298d61fc61.js:2:4348237)
    at MessagePort.E (https://posthog.com/app-5aed79924b298d61fc61.js:2:4348769)
[    1184ms] Error: Minified React error #423; visit https://reactjs.org/docs/error-decoder.html?invariant=423 for the full message or use the non-minified dev environment for full errors and additional helpful warnings.
    at kl (https://posthog.com/app-5aed79924b298d61fc61.js:2:1814274)
    at bc (https://posthog.com/app-5aed79924b298d61fc61.js:2:1802146)
    at yc (https://posthog.com/app-5aed79924b298d61fc61.js:2:1802074)
    at gc (https://posthog.com/app-5aed79924b298d61fc61.js:2:1801937)
    at ac (https://posthog.com/app-5aed79924b298d61fc61.js:2:1798772)
    at oc (https://posthog.com/app-5aed79924b298d61fc61.js:2:1797327)
    at _ (https://posthog.com/app-5aed79924b298d61fc61.js:2:4348237)
    at MessagePort.E (https://posthog.com/app-5aed79924b298d61fc61.js:2:4348769)
[    1388ms] [INFO] Evaluating a string as JavaScript violates the following Content Security Policy directive because 'unsafe-eval' is not an allowed source of script: "script-src 'self' https://*.posthog.com https://www.youtube.com https://fast.wistia.com https://import-cdn.default.com".
 The policy is report-only, so the violation has been logged but no further action has been taken. @ https://posthog.com/app-5aed79924b298d61fc61.js:1
[  389092ms] [ERROR] Failed to load resource: the server responded with a status of 404 () @ https://posthog.com/api/v4/zones/f03dee82cdac8f03d240b2fa6362b93d/purge_cache:0
